<?xml version="1.0" encoding="UTF-8"?>
<testng-results ignored="0" total="1" passed="1" failed="0" skipped="0">
  <reporter-output>
  </reporter-output>
  <suite started-at="2023-05-31T16:43:37 IST" name="Default suite" finished-at="2023-05-31T16:44:14 IST" duration-ms="36461">
    <groups>
    </groups>
    <test started-at="2023-05-31T16:43:37 IST" name="Default test" finished-at="2023-05-31T16:44:14 IST" duration-ms="36461">
      <class name="abhay.Long_press">
        <test-method is-config="true" signature="configureAppium()[pri:0, instance:abhay.Long_press@43dac38f]" started-at="2023-05-31T16:43:37 IST" name="configureAppium" finished-at="2023-05-31T16:44:03 IST" duration-ms="25696" status="PASS">
          <reporter-output>
          </reporter-output>
        </test-method> <!-- configureAppium -->
        <test-method signature="Longpressgesture()[pri:0, instance:abhay.Long_press@43dac38f]" started-at="2023-05-31T16:44:03 IST" name="Longpressgesture" finished-at="2023-05-31T16:44:12 IST" duration-ms="8638" status="PASS">
          <reporter-output>
          </reporter-output>
        </test-method> <!-- Longpressgesture -->
        <test-method is-config="true" signature="tearDown()[pri:0, instance:abhay.Long_press@43dac38f]" started-at="2023-05-31T16:44:12 IST" name="tearDown" finished-at="2023-05-31T16:44:14 IST" duration-ms="1958" status="PASS">
          <reporter-output>
          </reporter-output>
        </test-method> <!-- tearDown -->
      </class> <!-- abhay.Long_press -->
    </test> <!-- Default test -->
  </suite> <!-- Default suite -->
</testng-results>
