<?xml version="1.0" encoding="UTF-8"?>
<testng-results ignored="0" total="1" passed="1" failed="0" skipped="0">
  <reporter-output>
  </reporter-output>
  <suite started-at="2023-06-09T02:01:14 IST" name="Default suite" finished-at="2023-06-09T02:02:04 IST" duration-ms="50186">
    <groups>
    </groups>
    <test started-at="2023-06-09T02:01:14 IST" name="Default test" finished-at="2023-06-09T02:02:04 IST" duration-ms="50186">
      <class name="abhay.Long_press">
        <test-method is-config="true" signature="configureAppium()[pri:0, instance:abhay.Long_press@43dac38f]" started-at="2023-06-09T02:01:14 IST" name="configureAppium" finished-at="2023-06-09T02:01:53 IST" duration-ms="39043" status="PASS">
          <reporter-output>
          </reporter-output>
        </test-method> <!-- configureAppium -->
        <test-method signature="Longpressgesture()[pri:0, instance:abhay.Long_press@43dac38f]" started-at="2023-06-09T02:01:53 IST" name="Longpressgesture" finished-at="2023-06-09T02:02:02 IST" duration-ms="8415" status="PASS">
          <reporter-output>
          </reporter-output>
        </test-method> <!-- Longpressgesture -->
        <test-method is-config="true" signature="tearDown()[pri:0, instance:abhay.Long_press@43dac38f]" started-at="2023-06-09T02:02:02 IST" name="tearDown" finished-at="2023-06-09T02:02:04 IST" duration-ms="2548" status="PASS">
          <reporter-output>
          </reporter-output>
        </test-method> <!-- tearDown -->
      </class> <!-- abhay.Long_press -->
    </test> <!-- Default test -->
  </suite> <!-- Default suite -->
</testng-results>
